This file contains any messages produced by compilers while
running configure, to aid debugging if configure makes a mistake.

It was created by libenet configure 1.3.6, which was
generated by GNU Autoconf 2.69.  Invocation command line was

  $ ./configure --enable-shared=no --enable-static=yes --no-create --no-recursion

## --------- ##
## Platform. ##
## --------- ##

hostname = zero
uname -m = i686
uname -r = 3.9.4-1-ARCH
uname -s = Linux
uname -v = #1 SMP PREEMPT Sun May 26 11:56:48 CEST 2013

/usr/bin/uname -p = unknown
/bin/uname -X     = unknown

/bin/arch              = unknown
/usr/bin/arch -k       = unknown
/usr/convex/getsysinfo = unknown
/usr/bin/hostinfo      = unknown
/bin/machine           = unknown
/usr/bin/oslevel       = unknown
/bin/universe          = unknown

PATH: /usr/local/sbin
PATH: /usr/local/bin
PATH: /usr/bin
PATH: /usr/bin/vendor_perl
PATH: /usr/bin/core_perl


## ----------- ##
## Core tests. ##
## ----------- ##

configure:2265: checking for a BSD-compatible install
configure:2333: result: /usr/bin/install -c
configure:2344: checking whether build environment is sane
configure:2394: result: yes
configure:2535: checking for a thread-safe mkdir -p
configure:2574: result: /usr/bin/mkdir -p
configure:2587: checking for gawk
configure:2603: found /usr/bin/gawk
configure:2614: result: gawk
configure:2625: checking whether make sets $(MAKE)
configure:2647: result: yes
configure:2728: checking whether to enable maintainer-specific portions of Makefiles
configure:2737: result: yes
configure:2801: checking for gcc
configure:2817: found /usr/bin/gcc
configure:2828: result: gcc
configure:3057: checking for C compiler version
configure:3066: gcc --version >&5
gcc (GCC) 4.8.1
Copyright (C) 2013 Free Software Foundation, Inc.
This is free software; see the source for copying conditions.  There is NO
warranty; not even for MERCHANTABILITY or FITNESS FOR A PARTICULAR PURPOSE.

configure:3077: $? = 0
configure:3066: gcc -v >&5
Using built-in specs.
COLLECT_GCC=gcc
COLLECT_LTO_WRAPPER=/usr/lib/gcc/i686-pc-linux-gnu/4.8.1/lto-wrapper
Target: i686-pc-linux-gnu
Configured with: /build/gcc/src/gcc-4.8.1/configure --prefix=/usr --libdir=/usr/lib --libexecdir=/usr/lib --mandir=/usr/share/man --infodir=/usr/share/info --with-bugurl=https://bugs.archlinux.org/ --enable-languages=c,c++,ada,fortran,go,lto,objc,obj-c++ --enable-shared --enable-threads=posix --with-system-zlib --enable-__cxa_atexit --disable-libunwind-exceptions --enable-clocale=gnu --disable-libstdcxx-pch --enable-gnu-unique-object --enable-linker-build-id --enable-cloog-backend=isl --disable-cloog-version-check --enable-lto --enable-gold --enable-ld=default --enable-plugin --with-plugin-ld=ld.gold --with-linker-hash-style=gnu --disable-install-libiberty --disable-multilib --disable-libssp --disable-werror --enable-checking=release
Thread model: posix
gcc version 4.8.1 (GCC) 
configure:3077: $? = 0
configure:3066: gcc -V >&5
gcc: error: unrecognized command line option '-V'
gcc: fatal error: no input files
compilation terminated.
configure:3077: $? = 1
configure:3066: gcc -qversion >&5
gcc: error: unrecognized command line option '-qversion'
gcc: fatal error: no input files
compilation terminated.
configure:3077: $? = 1
configure:3097: checking whether the C compiler works
configure:3119: gcc    conftest.c  >&5
configure:3123: $? = 0
configure:3171: result: yes
configure:3174: checking for C compiler default output file name
configure:3176: result: a.out
configure:3182: checking for suffix of executables
configure:3189: gcc -o conftest    conftest.c  >&5
configure:3193: $? = 0
configure:3215: result: 
configure:3237: checking whether we are cross compiling
configure:3245: gcc -o conftest    conftest.c  >&5
configure:3249: $? = 0
configure:3256: ./conftest
configure:3260: $? = 0
configure:3275: result: no
configure:3280: checking for suffix of object files
configure:3302: gcc -c   conftest.c >&5
configure:3306: $? = 0
configure:3327: result: o
configure:3331: checking whether we are using the GNU C compiler
configure:3350: gcc -c   conftest.c >&5
configure:3350: $? = 0
configure:3359: result: yes
configure:3368: checking whether gcc accepts -g
configure:3388: gcc -c -g  conftest.c >&5
configure:3388: $? = 0
configure:3429: result: yes
configure:3446: checking for gcc option to accept ISO C89
configure:3509: gcc  -c -g -O2  conftest.c >&5
configure:3509: $? = 0
configure:3522: result: none needed
configure:3553: checking for style of include used by make
configure:3581: result: GNU
configure:3607: checking dependency style of gcc
configure:3718: result: gcc3
configure:3762: checking build system type
configure:3776: result: i686-pc-linux-gnu
configure:3796: checking host system type
configure:3809: result: i686-pc-linux-gnu
configure:3850: checking how to print strings
configure:3877: result: printf
configure:3898: checking for a sed that does not truncate output
configure:3962: result: /usr/bin/sed
configure:3980: checking for grep that handles long lines and -e
configure:4038: result: /usr/bin/grep
configure:4043: checking for egrep
configure:4105: result: /usr/bin/grep -E
configure:4110: checking for fgrep
configure:4172: result: /usr/bin/grep -F
configure:4207: checking for ld used by gcc
configure:4274: result: /usr/bin/ld
configure:4281: checking if the linker (/usr/bin/ld) is GNU ld
configure:4296: result: yes
configure:4308: checking for BSD- or MS-compatible name lister (nm)
configure:4357: result: /usr/bin/nm -B
configure:4487: checking the name lister (/usr/bin/nm -B) interface
configure:4494: gcc -c -g -O2  conftest.c >&5
configure:4497: /usr/bin/nm -B "conftest.o"
configure:4500: output
00000000 B some_variable
configure:4507: result: BSD nm
configure:4510: checking whether ln -s works
configure:4514: result: yes
configure:4522: checking the maximum length of command line arguments
configure:4652: result: 1572864
configure:4669: checking whether the shell understands some XSI constructs
configure:4679: result: yes
configure:4683: checking whether the shell understands "+="
configure:4689: result: yes
configure:4724: checking how to convert i686-pc-linux-gnu file names to i686-pc-linux-gnu format
configure:4764: result: func_convert_file_noop
configure:4771: checking how to convert i686-pc-linux-gnu file names to toolchain format
configure:4791: result: func_convert_file_noop
configure:4798: checking for /usr/bin/ld option to reload object files
configure:4805: result: -r
configure:4879: checking for objdump
configure:4895: found /usr/bin/objdump
configure:4906: result: objdump
configure:4938: checking how to recognize dependent libraries
configure:5136: result: pass_all
configure:5221: checking for dlltool
configure:5251: result: no
configure:5281: checking how to associate runtime and link libraries
configure:5308: result: printf %s\n
configure:5369: checking for ar
configure:5385: found /usr/bin/ar
configure:5396: result: ar
configure:5433: checking for archiver @FILE support
configure:5450: gcc -c -g -O2  conftest.c >&5
configure:5450: $? = 0
configure:5453: ar cru libconftest.a @conftest.lst >&5
configure:5456: $? = 0
configure:5461: ar cru libconftest.a @conftest.lst >&5
ar: conftest.o: No such file or directory
configure:5464: $? = 1
configure:5476: result: @
configure:5534: checking for strip
configure:5550: found /usr/bin/strip
configure:5561: result: strip
configure:5633: checking for ranlib
configure:5649: found /usr/bin/ranlib
configure:5660: result: ranlib
configure:5762: checking command to parse /usr/bin/nm -B output from gcc object
configure:5882: gcc -c -g -O2  conftest.c >&5
configure:5885: $? = 0
configure:5889: /usr/bin/nm -B conftest.o \| sed -n -e 's/^.*[ ]\([ABCDGIRSTW][ABCDGIRSTW]*\)[ ][ ]*\([_A-Za-z][_A-Za-z0-9]*\)$/\1 \2 \2/p' | sed '/ __gnu_lto/d' \> conftest.nm
configure:5892: $? = 0
configure:5958: gcc -o conftest -g -O2   conftest.c conftstm.o >&5
configure:5961: $? = 0
configure:5999: result: ok
configure:6036: checking for sysroot
configure:6066: result: no
configure:6322: checking for mt
configure:6352: result: no
configure:6372: checking if : is a manifest tool
configure:6378: : '-?'
configure:6386: result: no
configure:7028: checking how to run the C preprocessor
configure:7059: gcc -E  conftest.c
configure:7059: $? = 0
configure:7073: gcc -E  conftest.c
conftest.c:11:28: fatal error: ac_nonexistent.h: No such file or directory
 #include <ac_nonexistent.h>
                            ^
compilation terminated.
configure:7073: $? = 1
configure: failed program was:
| /* confdefs.h */
| #define PACKAGE_NAME "libenet"
| #define PACKAGE_TARNAME "libenet"
| #define PACKAGE_VERSION "1.3.6"
| #define PACKAGE_STRING "libenet 1.3.6"
| #define PACKAGE_BUGREPORT ""
| #define PACKAGE_URL ""
| #define PACKAGE "libenet"
| #define VERSION "1.3.6"
| /* end confdefs.h.  */
| #include <ac_nonexistent.h>
configure:7098: result: gcc -E
configure:7118: gcc -E  conftest.c
configure:7118: $? = 0
configure:7132: gcc -E  conftest.c
conftest.c:11:28: fatal error: ac_nonexistent.h: No such file or directory
 #include <ac_nonexistent.h>
                            ^
compilation terminated.
configure:7132: $? = 1
configure: failed program was:
| /* confdefs.h */
| #define PACKAGE_NAME "libenet"
| #define PACKAGE_TARNAME "libenet"
| #define PACKAGE_VERSION "1.3.6"
| #define PACKAGE_STRING "libenet 1.3.6"
| #define PACKAGE_BUGREPORT ""
| #define PACKAGE_URL ""
| #define PACKAGE "libenet"
| #define VERSION "1.3.6"
| /* end confdefs.h.  */
| #include <ac_nonexistent.h>
configure:7161: checking for ANSI C header files
configure:7181: gcc -c -g -O2  conftest.c >&5
configure:7181: $? = 0
configure:7254: gcc -o conftest -g -O2   conftest.c  >&5
configure:7254: $? = 0
configure:7254: ./conftest
configure:7254: $? = 0
configure:7265: result: yes
configure:7278: checking for sys/types.h
configure:7278: gcc -c -g -O2  conftest.c >&5
configure:7278: $? = 0
configure:7278: result: yes
configure:7278: checking for sys/stat.h
configure:7278: gcc -c -g -O2  conftest.c >&5
configure:7278: $? = 0
configure:7278: result: yes
configure:7278: checking for stdlib.h
configure:7278: gcc -c -g -O2  conftest.c >&5
configure:7278: $? = 0
configure:7278: result: yes
configure:7278: checking for string.h
configure:7278: gcc -c -g -O2  conftest.c >&5
configure:7278: $? = 0
configure:7278: result: yes
configure:7278: checking for memory.h
configure:7278: gcc -c -g -O2  conftest.c >&5
configure:7278: $? = 0
configure:7278: result: yes
configure:7278: checking for strings.h
configure:7278: gcc -c -g -O2  conftest.c >&5
configure:7278: $? = 0
configure:7278: result: yes
configure:7278: checking for inttypes.h
configure:7278: gcc -c -g -O2  conftest.c >&5
configure:7278: $? = 0
configure:7278: result: yes
configure:7278: checking for stdint.h
configure:7278: gcc -c -g -O2  conftest.c >&5
configure:7278: $? = 0
configure:7278: result: yes
configure:7278: checking for unistd.h
configure:7278: gcc -c -g -O2  conftest.c >&5
configure:7278: $? = 0
configure:7278: result: yes
configure:7292: checking for dlfcn.h
configure:7292: gcc -c -g -O2  conftest.c >&5
configure:7292: $? = 0
configure:7292: result: yes
configure:7498: checking for objdir
configure:7513: result: .libs
configure:7784: checking if gcc supports -fno-rtti -fno-exceptions
configure:7802: gcc -c -g -O2  -fno-rtti -fno-exceptions conftest.c >&5
cc1: warning: command line option '-fno-rtti' is valid for C++/ObjC++ but not for C [enabled by default]
configure:7806: $? = 0
configure:7819: result: no
configure:8146: checking for gcc option to produce PIC
configure:8153: result: -fPIC -DPIC
configure:8161: checking if gcc PIC flag -fPIC -DPIC works
configure:8179: gcc -c -g -O2  -fPIC -DPIC -DPIC conftest.c >&5
configure:8183: $? = 0
configure:8196: result: yes
configure:8225: checking if gcc static flag -static works
configure:8253: result: yes
configure:8268: checking if gcc supports -c -o file.o
configure:8289: gcc -c -g -O2  -o out/conftest2.o conftest.c >&5
configure:8293: $? = 0
configure:8315: result: yes
configure:8323: checking if gcc supports -c -o file.o
configure:8370: result: yes
configure:8403: checking whether the gcc linker (/usr/bin/ld) supports shared libraries
configure:9560: result: yes
configure:9800: checking dynamic linker characteristics
configure:10300: gcc -o conftest -g -O2   -Wl,-rpath -Wl,/foo conftest.c  >&5
configure:10300: $? = 0
configure:10534: result: GNU/Linux ld.so
configure:10641: checking how to hardcode library paths into programs
configure:10666: result: immediate
configure:11206: checking whether stripping libraries is possible
configure:11211: result: yes
configure:11246: checking if libtool supports shared libraries
configure:11248: result: yes
configure:11251: checking whether to build shared libraries
configure:11272: result: no
configure:11275: checking whether to build static libraries
configure:11279: result: yes
configure:11317: checking for gethostbyaddr_r
configure:11317: gcc -o conftest -g -O2   conftest.c  >&5
configure:11317: $? = 0
configure:11317: result: yes
configure:11323: checking for gethostbyname_r
configure:11323: gcc -o conftest -g -O2   conftest.c  >&5
configure:11323: $? = 0
configure:11323: result: yes
configure:11329: checking for poll
configure:11329: gcc -o conftest -g -O2   conftest.c  >&5
configure:11329: $? = 0
configure:11329: result: yes
configure:11335: checking for fcntl
configure:11335: gcc -o conftest -g -O2   conftest.c  >&5
configure:11335: $? = 0
configure:11335: result: yes
configure:11341: checking for inet_pton
configure:11341: gcc -o conftest -g -O2   conftest.c  >&5
configure:11341: $? = 0
configure:11341: result: yes
configure:11347: checking for inet_ntop
configure:11347: gcc -o conftest -g -O2   conftest.c  >&5
configure:11347: $? = 0
configure:11347: result: yes
configure:11354: checking for struct msghdr.msg_flags
configure:11354: gcc -c -g -O2  conftest.c >&5
configure:11354: $? = 0
configure:11354: result: yes
configure:11362: checking for socklen_t
configure:11362: gcc -c -g -O2  conftest.c >&5
configure:11362: $? = 0
configure:11362: gcc -c -g -O2  conftest.c >&5
conftest.c: In function 'main':
conftest.c:37:24: error: expected expression before ')' token
 if (sizeof ((socklen_t)))
                        ^
configure:11362: $? = 1
configure: failed program was:
| /* confdefs.h */
| #define PACKAGE_NAME "libenet"
| #define PACKAGE_TARNAME "libenet"
| #define PACKAGE_VERSION "1.3.6"
| #define PACKAGE_STRING "libenet 1.3.6"
| #define PACKAGE_BUGREPORT ""
| #define PACKAGE_URL ""
| #define PACKAGE "libenet"
| #define VERSION "1.3.6"
| #define STDC_HEADERS 1
| #define HAVE_SYS_TYPES_H 1
| #define HAVE_SYS_STAT_H 1
| #define HAVE_STDLIB_H 1
| #define HAVE_STRING_H 1
| #define HAVE_MEMORY_H 1
| #define HAVE_STRINGS_H 1
| #define HAVE_INTTYPES_H 1
| #define HAVE_STDINT_H 1
| #define HAVE_UNISTD_H 1
| #define HAVE_DLFCN_H 1
| #define LT_OBJDIR ".libs/"
| #define HAS_GETHOSTBYADDR_R 1
| #define HAS_GETHOSTBYNAME_R 1
| #define HAS_POLL 1
| #define HAS_FCNTL 1
| #define HAS_INET_PTON 1
| #define HAS_INET_NTOP 1
| #define HAS_MSGHDR_FLAGS 1
| /* end confdefs.h.  */
| #include <sys/types.h>
|               #include <sys/socket.h>
| 
| 
| int
| main ()
| {
| if (sizeof ((socklen_t)))
| 	    return 0;
|   ;
|   return 0;
| }
configure:11362: result: yes
conftest.c:31:20: fatal error: socket.h: No such file or directory
 #include <socket.h>
                    ^
compilation terminated.
configure:11569: creating ./config.status

## ---------------- ##
## Cache variables. ##
## ---------------- ##

ac_cv_build=i686-pc-linux-gnu
ac_cv_c_compiler_gnu=yes
ac_cv_env_CC_set=
ac_cv_env_CC_value=
ac_cv_env_CFLAGS_set=
ac_cv_env_CFLAGS_value=
ac_cv_env_CPPFLAGS_set=
ac_cv_env_CPPFLAGS_value=
ac_cv_env_CPP_set=
ac_cv_env_CPP_value=
ac_cv_env_LDFLAGS_set=
ac_cv_env_LDFLAGS_value=
ac_cv_env_LIBS_set=
ac_cv_env_LIBS_value=
ac_cv_env_build_alias_set=
ac_cv_env_build_alias_value=
ac_cv_env_host_alias_set=
ac_cv_env_host_alias_value=
ac_cv_env_target_alias_set=
ac_cv_env_target_alias_value=
ac_cv_func_fcntl=yes
ac_cv_func_gethostbyaddr_r=yes
ac_cv_func_gethostbyname_r=yes
ac_cv_func_inet_ntop=yes
ac_cv_func_inet_pton=yes
ac_cv_func_poll=yes
ac_cv_header_dlfcn_h=yes
ac_cv_header_inttypes_h=yes
ac_cv_header_memory_h=yes
ac_cv_header_stdc=yes
ac_cv_header_stdint_h=yes
ac_cv_header_stdlib_h=yes
ac_cv_header_string_h=yes
ac_cv_header_strings_h=yes
ac_cv_header_sys_stat_h=yes
ac_cv_header_sys_types_h=yes
ac_cv_header_unistd_h=yes
ac_cv_host=i686-pc-linux-gnu
ac_cv_member_struct_msghdr_msg_flags=yes
ac_cv_objext=o
ac_cv_path_EGREP='/usr/bin/grep -E'
ac_cv_path_FGREP='/usr/bin/grep -F'
ac_cv_path_GREP=/usr/bin/grep
ac_cv_path_SED=/usr/bin/sed
ac_cv_path_install='/usr/bin/install -c'
ac_cv_path_mkdir=/usr/bin/mkdir
ac_cv_prog_AWK=gawk
ac_cv_prog_CPP='gcc -E'
ac_cv_prog_ac_ct_AR=ar
ac_cv_prog_ac_ct_CC=gcc
ac_cv_prog_ac_ct_OBJDUMP=objdump
ac_cv_prog_ac_ct_RANLIB=ranlib
ac_cv_prog_ac_ct_STRIP=strip
ac_cv_prog_cc_c89=
ac_cv_prog_cc_g=yes
ac_cv_prog_make_make_set=yes
ac_cv_type_socklen_t=yes
am_cv_CC_dependencies_compiler_type=gcc3
lt_cv_ar_at_file=@
lt_cv_deplibs_check_method=pass_all
lt_cv_file_magic_cmd='$MAGIC_CMD'
lt_cv_file_magic_test_file=
lt_cv_ld_reload_flag=-r
lt_cv_nm_interface='BSD nm'
lt_cv_objdir=.libs
lt_cv_path_LD=/usr/bin/ld
lt_cv_path_NM='/usr/bin/nm -B'
lt_cv_path_mainfest_tool=no
lt_cv_prog_compiler_c_o=yes
lt_cv_prog_compiler_pic='-fPIC -DPIC'
lt_cv_prog_compiler_pic_works=yes
lt_cv_prog_compiler_rtti_exceptions=no
lt_cv_prog_compiler_static_works=yes
lt_cv_prog_gnu_ld=yes
lt_cv_sharedlib_from_linklib_cmd='printf %s\n'
lt_cv_shlibpath_overrides_runpath=no
lt_cv_sys_global_symbol_pipe='sed -n -e '\''s/^.*[	 ]\([ABCDGIRSTW][ABCDGIRSTW]*\)[	 ][	 ]*\([_A-Za-z][_A-Za-z0-9]*\)$/\1 \2 \2/p'\'' | sed '\''/ __gnu_lto/d'\'''
lt_cv_sys_global_symbol_to_c_name_address='sed -n -e '\''s/^: \([^ ]*\)[ ]*$/  {\"\1\", (void *) 0},/p'\'' -e '\''s/^[ABCDGIRSTW]* \([^ ]*\) \([^ ]*\)$/  {"\2", (void *) \&\2},/p'\'''
lt_cv_sys_global_symbol_to_c_name_address_lib_prefix='sed -n -e '\''s/^: \([^ ]*\)[ ]*$/  {\"\1\", (void *) 0},/p'\'' -e '\''s/^[ABCDGIRSTW]* \([^ ]*\) \(lib[^ ]*\)$/  {"\2", (void *) \&\2},/p'\'' -e '\''s/^[ABCDGIRSTW]* \([^ ]*\) \([^ ]*\)$/  {"lib\2", (void *) \&\2},/p'\'''
lt_cv_sys_global_symbol_to_cdecl='sed -n -e '\''s/^T .* \(.*\)$/extern int \1();/p'\'' -e '\''s/^[ABCDGIRSTW]* .* \(.*\)$/extern char \1;/p'\'''
lt_cv_sys_max_cmd_len=1572864
lt_cv_to_host_file_cmd=func_convert_file_noop
lt_cv_to_tool_file_cmd=func_convert_file_noop

## ----------------- ##
## Output variables. ##
## ----------------- ##

ACLOCAL='${SHELL} /home/andrius/cube2/2013_02_03/sauerbraten/zeromod/enet/missing --run aclocal-1.11'
AMDEPBACKSLASH='\'
AMDEP_FALSE='#'
AMDEP_TRUE=''
AMTAR='$${TAR-tar}'
AR='ar'
AUTOCONF='${SHELL} /home/andrius/cube2/2013_02_03/sauerbraten/zeromod/enet/missing --run autoconf'
AUTOHEADER='${SHELL} /home/andrius/cube2/2013_02_03/sauerbraten/zeromod/enet/missing --run autoheader'
AUTOMAKE='${SHELL} /home/andrius/cube2/2013_02_03/sauerbraten/zeromod/enet/missing --run automake-1.11'
AWK='gawk'
CC='gcc'
CCDEPMODE='depmode=gcc3'
CFLAGS='-g -O2'
CPP='gcc -E'
CPPFLAGS=''
CYGPATH_W='echo'
DEFS='-DPACKAGE_NAME=\"libenet\" -DPACKAGE_TARNAME=\"libenet\" -DPACKAGE_VERSION=\"1.3.6\" -DPACKAGE_STRING=\"libenet\ 1.3.6\" -DPACKAGE_BUGREPORT=\"\" -DPACKAGE_URL=\"\" -DPACKAGE=\"libenet\" -DVERSION=\"1.3.6\" -DSTDC_HEADERS=1 -DHAVE_SYS_TYPES_H=1 -DHAVE_SYS_STAT_H=1 -DHAVE_STDLIB_H=1 -DHAVE_STRING_H=1 -DHAVE_MEMORY_H=1 -DHAVE_STRINGS_H=1 -DHAVE_INTTYPES_H=1 -DHAVE_STDINT_H=1 -DHAVE_UNISTD_H=1 -DHAVE_DLFCN_H=1 -DLT_OBJDIR=\".libs/\" -DHAS_GETHOSTBYADDR_R=1 -DHAS_GETHOSTBYNAME_R=1 -DHAS_POLL=1 -DHAS_FCNTL=1 -DHAS_INET_PTON=1 -DHAS_INET_NTOP=1 -DHAS_MSGHDR_FLAGS=1 -DHAS_SOCKLEN_T=1'
DEPDIR='.deps'
DLLTOOL='false'
DSYMUTIL=''
DUMPBIN=''
ECHO_C=''
ECHO_N='-n'
ECHO_T=''
EGREP='/usr/bin/grep -E'
EXEEXT=''
FGREP='/usr/bin/grep -F'
GREP='/usr/bin/grep'
INSTALL_DATA='${INSTALL} -m 644'
INSTALL_PROGRAM='${INSTALL}'
INSTALL_SCRIPT='${INSTALL}'
INSTALL_STRIP_PROGRAM='$(install_sh) -c -s'
LD='/usr/bin/ld'
LDFLAGS=''
LIBOBJS=''
LIBS=''
LIBTOOL='$(SHELL) $(top_builddir)/libtool'
LIPO=''
LN_S='ln -s'
LTLIBOBJS=''
MAINT=''
MAINTAINER_MODE_FALSE='#'
MAINTAINER_MODE_TRUE=''
MAKEINFO='${SHELL} /home/andrius/cube2/2013_02_03/sauerbraten/zeromod/enet/missing --run makeinfo'
MANIFEST_TOOL=':'
MKDIR_P='/usr/bin/mkdir -p'
NM='/usr/bin/nm -B'
NMEDIT=''
OBJDUMP='objdump'
OBJEXT='o'
OTOOL64=''
OTOOL=''
PACKAGE='libenet'
PACKAGE_BUGREPORT=''
PACKAGE_NAME='libenet'
PACKAGE_STRING='libenet 1.3.6'
PACKAGE_TARNAME='libenet'
PACKAGE_URL=''
PACKAGE_VERSION='1.3.6'
PATH_SEPARATOR=':'
RANLIB='ranlib'
SED='/usr/bin/sed'
SET_MAKE=''
SHELL='/bin/sh'
STRIP='strip'
VERSION='1.3.6'
ac_ct_AR='ar'
ac_ct_CC='gcc'
ac_ct_DUMPBIN=''
am__EXEEXT_FALSE=''
am__EXEEXT_TRUE='#'
am__fastdepCC_FALSE='#'
am__fastdepCC_TRUE=''
am__include='include'
am__isrc=''
am__leading_dot='.'
am__nodep='_no'
am__quote=''
am__tar='$${TAR-tar} chof - "$$tardir"'
am__untar='$${TAR-tar} xf -'
bindir='${exec_prefix}/bin'
build='i686-pc-linux-gnu'
build_alias=''
build_cpu='i686'
build_os='linux-gnu'
build_vendor='pc'
datadir='${datarootdir}'
datarootdir='${prefix}/share'
docdir='${datarootdir}/doc/${PACKAGE_TARNAME}'
dvidir='${docdir}'
exec_prefix='${prefix}'
host='i686-pc-linux-gnu'
host_alias=''
host_cpu='i686'
host_os='linux-gnu'
host_vendor='pc'
htmldir='${docdir}'
includedir='${prefix}/include'
infodir='${datarootdir}/info'
install_sh='${SHELL} /home/andrius/cube2/2013_02_03/sauerbraten/zeromod/enet/install-sh'
libdir='${exec_prefix}/lib'
libexecdir='${exec_prefix}/libexec'
localedir='${datarootdir}/locale'
localstatedir='${prefix}/var'
mandir='${datarootdir}/man'
mkdir_p='/usr/bin/mkdir -p'
oldincludedir='/usr/include'
pdfdir='${docdir}'
prefix='/usr/local'
program_transform_name='s,x,x,'
psdir='${docdir}'
sbindir='${exec_prefix}/sbin'
sharedstatedir='${prefix}/com'
sysconfdir='${prefix}/etc'
target_alias=''

## ----------- ##
## confdefs.h. ##
## ----------- ##

/* confdefs.h */
#define PACKAGE_NAME "libenet"
#define PACKAGE_TARNAME "libenet"
#define PACKAGE_VERSION "1.3.6"
#define PACKAGE_STRING "libenet 1.3.6"
#define PACKAGE_BUGREPORT ""
#define PACKAGE_URL ""
#define PACKAGE "libenet"
#define VERSION "1.3.6"
#define STDC_HEADERS 1
#define HAVE_SYS_TYPES_H 1
#define HAVE_SYS_STAT_H 1
#define HAVE_STDLIB_H 1
#define HAVE_STRING_H 1
#define HAVE_MEMORY_H 1
#define HAVE_STRINGS_H 1
#define HAVE_INTTYPES_H 1
#define HAVE_STDINT_H 1
#define HAVE_UNISTD_H 1
#define HAVE_DLFCN_H 1
#define LT_OBJDIR ".libs/"
#define HAS_GETHOSTBYADDR_R 1
#define HAS_GETHOSTBYNAME_R 1
#define HAS_POLL 1
#define HAS_FCNTL 1
#define HAS_INET_PTON 1
#define HAS_INET_NTOP 1
#define HAS_MSGHDR_FLAGS 1
#define HAS_SOCKLEN_T 1

configure: exit 0

## ---------------------- ##
## Running config.status. ##
## ---------------------- ##

This file was extended by libenet config.status 1.3.6, which was
generated by GNU Autoconf 2.69.  Invocation command line was

  CONFIG_FILES    = 
  CONFIG_HEADERS  = 
  CONFIG_LINKS    = 
  CONFIG_COMMANDS = 
  $ ./config.status 

on zero

config.status:1003: creating Makefile
config.status:1003: creating libenet.pc
config.status:1175: executing depfiles commands
config.status:1175: executing libtool commands
